<?xml version="1.0" encoding="UTF-8"?>
<!-- Generated by org.testng.reporters.JUnitReportReporter -->
<testsuite hostname="Deepikas-Air" failures="0" tests="1" name="tests.InvalidRegistrationTest" time="18.909" errors="0" timestamp="2025-05-12T17:13:53 BST" skipped="0">
  <testcase classname="tests.InvalidRegistrationTest" name="InvalidInput" time="18.909"/>
</testsuite> <!-- tests.InvalidRegistrationTest -->
