<?xml version="1.0" encoding="UTF-8"?>
<!-- Generated by org.testng.reporters.JUnitReportReporter -->
<testsuite hostname="Deepikas-Air" failures="0" tests="1" name="tests.LoginTest" time="15.757" errors="0" timestamp="2025-05-11T02:25:18 BST" skipped="0">
  <testcase classname="tests.LoginTest" name="testEnterRegistrationAndClickValueYourCar" time="15.757"/>
</testsuite> <!-- tests.LoginTest -->
