<?xml version="1.0" encoding="UTF-8"?>
<!-- Generated by org.testng.reporters.JUnitReportReporter -->
<testsuite hostname="Deepikas-Air" failures="0" tests="1" name="tests.InvalidRegistrationTest" time="19.263" errors="0" timestamp="2025-05-11T02:25:18 BST" skipped="0">
  <testcase classname="tests.InvalidRegistrationTest" name="InvalidInput" time="19.263"/>
</testsuite> <!-- tests.InvalidRegistrationTest -->
